# JRE version: Java(TM) SE Runtime Environment (21.0.4+8) (build 21.0.4+8-LTS-274)
# Java VM: Java HotSpot(TM) 64-Bit Server VM (21.0.4+8-LTS-274, mixed mode, sharing, tiered, compressed oops, compressed class ptrs, g1 gc, windows-amd64)
GC Precious Log:
 CardTable entry size: 512
 Card Set container configuration: InlinePtr #cards 4 size 8 Array Of Cards #cards 16 size 48 Howl #buckets 8 coarsen threshold 3686 Howl Bitmap #cards 512 size 80 coarsen threshold 460 Card regions per heap region 1 cards per card region 4096
 CPUs: 12 total, 12 available
 Memory: 11621M
 Large Page Support: Disabled
 NUMA Support: Disabled
 Compressed Oops: Enabled (Zero based)
 Heap Region Size: 2M
 Heap Min Capacity: 8M
 Heap Initial Capacity: 182M
 Heap Max Capacity: 2906M
 Pre-touch: Disabled
 Parallel Workers: 10
 Concurrent Workers: 3
 Concurrent Refinement Workers: 10
 Periodic GC: Disabled
Heap:
 garbage-first heap   total 342016K, used 177888K [0x000000074a600000, 0x0000000800000000)
  region size 2048K, 6 young (12288K), 6 survivors (12288K)
 Metaspace       used 26761K, committed 27328K, reserved 1114112K
  class space    used 2907K, committed 3136K, reserved 1048576K
GC Heap History (20 events):
Event: 8.702 GC heap after
{Heap after GC invocations=9 (full 0):
 garbage-first heap   total 225280K, used 105472K [0x000000074a600000, 0x0000000800000000)
  region size 2048K, 7 young (14336K), 7 survivors (14336K)
 Metaspace       used 22272K, committed 22720K, reserved 1114112K
  class space    used 2460K, committed 2688K, reserved 1048576K
}
Event: 9.046 GC heap before
{Heap before GC invocations=9 (full 0):
 garbage-first heap   total 225280K, used 183296K [0x000000074a600000, 0x0000000800000000)
  region size 2048K, 45 young (92160K), 7 survivors (14336K)
 Metaspace       used 22917K, committed 23360K, reserved 1114112K
  class space    used 2536K, committed 2752K, reserved 1048576K
}
Event: 9.059 GC heap after
{Heap after GC invocations=10 (full 0):
 garbage-first heap   total 225280K, used 129845K [0x000000074a600000, 0x0000000800000000)
  region size 2048K, 6 young (12288K), 6 survivors (12288K)
 Metaspace       used 22917K, committed 23360K, reserved 1114112K
  class space    used 2536K, committed 2752K, reserved 1048576K
}
Event: 9.117 GC heap before
{Heap before GC invocations=10 (full 0):
 garbage-first heap   total 225280K, used 185141K [0x000000074a600000, 0x0000000800000000)
  region size 2048K, 34 young (69632K), 6 survivors (12288K)
 Metaspace       used 22931K, committed 23360K, reserved 1114112K
  class space    used 2536K, committed 2752K, reserved 1048576K
}
Event: 9.128 GC heap after
{Heap after GC invocations=11 (full 0):
 garbage-first heap   total 288768K, used 142989K [0x000000074a600000, 0x0000000800000000)
  region size 2048K, 5 young (10240K), 5 survivors (10240K)
 Metaspace       used 22931K, committed 23360K, reserved 1114112K
  class space    used 2536K, committed 2752K, reserved 1048576K
}
Event: 9.256 GC heap before
{Heap before GC invocations=12 (full 0):
 garbage-first heap   total 327680K, used 229005K [0x000000074a600000, 0x0000000800000000)
  region size 2048K, 48 young (98304K), 5 survivors (10240K)
 Metaspace       used 22835K, committed 23296K, reserved 1114112K
  class space    used 2523K, committed 2752K, reserved 1048576K
}
Event: 9.262 GC heap after
{Heap after GC invocations=13 (full 0):
 garbage-first heap   total 327680K, used 147942K [0x000000074a600000, 0x0000000800000000)
  region size 2048K, 5 young (10240K), 5 survivors (10240K)
 Metaspace       used 22835K, committed 23296K, reserved 1114112K
  class space    used 2523K, committed 2752K, reserved 1048576K
}
Event: 9.347 GC heap before
{Heap before GC invocations=13 (full 0):
 garbage-first heap   total 327680K, used 260582K [0x000000074a600000, 0x0000000800000000)
  region size 2048K, 60 young (122880K), 5 survivors (10240K)
 Metaspace       used 22841K, committed 23296K, reserved 1114112K
  class space    used 2524K, committed 2752K, reserved 1048576K
}
Event: 9.359 GC heap after
{Heap after GC invocations=14 (full 0):
 garbage-first heap   total 327680K, used 167889K [0x000000074a600000, 0x0000000800000000)
  region size 2048K, 8 young (16384K), 8 survivors (16384K)
 Metaspace       used 22841K, committed 23296K, reserved 1114112K
  class space    used 2524K, committed 2752K, reserved 1048576K
}
Event: 9.977 GC heap before
{Heap before GC invocations=14 (full 0):
 garbage-first heap   total 327680K, used 251857K [0x000000074a600000, 0x0000000800000000)
  region size 2048K, 51 young (104448K), 8 survivors (16384K)
 Metaspace       used 23171K, committed 23552K, reserved 1114112K
  class space    used 2557K, committed 2752K, reserved 1048576K
}
Event: 9.992 GC heap after
{Heap after GC invocations=15 (full 0):
 garbage-first heap   total 327680K, used 192022K [0x000000074a600000, 0x0000000800000000)
  region size 2048K, 7 young (14336K), 7 survivors (14336K)
 Metaspace       used 23171K, committed 23552K, reserved 1114112K
  class space    used 2557K, committed 2752K, reserved 1048576K
}
Event: 10.581 GC heap before
{Heap before GC invocations=16 (full 0):
 garbage-first heap   total 331776K, used 269846K [0x000000074a600000, 0x0000000800000000)
  region size 2048K, 46 young (94208K), 7 survivors (14336K)
 Metaspace       used 23916K, committed 24320K, reserved 1114112K
  class space    used 2628K, committed 2816K, reserved 1048576K
}
Event: 10.594 GC heap after
{Heap after GC invocations=17 (full 0):
 garbage-first heap   total 331776K, used 210723K [0x000000074a600000, 0x0000000800000000)
  region size 2048K, 6 young (12288K), 6 survivors (12288K)
 Metaspace       used 23916K, committed 24320K, reserved 1114112K
  class space    used 2628K, committed 2816K, reserved 1048576K
}
Event: 11.293 GC heap before
{Heap before GC invocations=17 (full 0):
 garbage-first heap   total 331776K, used 282403K [0x000000074a600000, 0x0000000800000000)
  region size 2048K, 41 young (83968K), 6 survivors (12288K)
 Metaspace       used 26736K, committed 27264K, reserved 1114112K
  class space    used 2906K, committed 3136K, reserved 1048576K
}
Event: 11.303 GC heap after
{Heap after GC invocations=18 (full 0):
 garbage-first heap   total 331776K, used 214335K [0x000000074a600000, 0x0000000800000000)
  region size 2048K, 5 young (10240K), 5 survivors (10240K)
 Metaspace       used 26736K, committed 27264K, reserved 1114112K
  class space    used 2906K, committed 3136K, reserved 1048576K
}
Event: 11.581 GC heap before
{Heap before GC invocations=18 (full 0):
 garbage-first heap   total 331776K, used 288063K [0x000000074a600000, 0x0000000800000000)
  region size 2048K, 41 young (83968K), 5 survivors (10240K)
 Metaspace       used 26748K, committed 27264K, reserved 1114112K
  class space    used 2906K, committed 3136K, reserved 1048576K
}
Event: 11.591 GC heap after
{Heap after GC invocations=19 (full 0):
 garbage-first heap   total 331776K, used 226925K [0x000000074a600000, 0x0000000800000000)
  region size 2048K, 6 young (12288K), 6 survivors (12288K)
 Metaspace       used 26748K, committed 27264K, reserved 1114112K
  class space    used 2906K, committed 3136K, reserved 1048576K
}
Event: 11.876 GC heap before
{Heap before GC invocations=20 (full 0):
 garbage-first heap   total 342016K, used 249453K [0x000000074a600000, 0x0000000800000000)
  region size 2048K, 38 young (77824K), 6 survivors (12288K)
 Metaspace       used 26749K, committed 27264K, reserved 1114112K
  class space    used 2906K, committed 3136K, reserved 1048576K
}
Event: 11.885 GC heap after
{Heap after GC invocations=21 (full 0):
 garbage-first heap   total 342016K, used 198902K [0x000000074a600000, 0x0000000800000000)
  region size 2048K, 5 young (10240K), 5 survivors (10240K)
 Metaspace       used 26749K, committed 27264K, reserved 1114112K
  class space    used 2906K, committed 3136K, reserved 1048576K
}
Event: 12.281 GC heap before
{Heap before GC invocations=21 (full 0):
 garbage-first heap   total 342016K, used 284918K [0x000000074a600000, 0x0000000800000000)
  region size 2048K, 47 young (96256K), 5 survivors (10240K)
 Metaspace       used 26761K, committed 27328K, reserved 1114112K
  class space    used 2907K, committed 3136K, reserved 1048576K
}

